

2025-12-09 14:53       1-ping-pong/COMPONENT_TYPE_pingerC.h       Page 1



#define TYPEOF_COMPONENT_pingerC_VAR_requestMadeI  bool 
#define TYPEOF_COMPONENT_pingerC_VAR_chosenAmountI  Amount 
#define TYPEOF_COMPONENT_pingerC_VAR_amountI  Amount 
#define TYPEOF_COMPONENT_pingerC_VAR_VALUEEXIST  bool 
#define TYPEOF_COMPONENT_pingerC_VAR_PORT_pingerEmitterP_INDEX  byte 

#define INITIALVALUE_COMPONENT_pingerC_VAR_requestMadeI  false
#define INITIALVALUE_COMPONENT_pingerC_VAR_chosenAmountI  Little

#define IC0_COMPONENT_pingerC_PORT_pingerEmitterP_ACTION_ping_WAITS \
!COMPONENT_pingerC_VAR_requestMadeI[0]

#define IC0_COMPONENT_pingerC_PORT_pingerEmitterP_ACTION_ping_PRE \
IC0_COMPONENT_pingerC_PORT_pingerEmitterP_ACTION_ping_WAITS

#define ICONTRACT_COMPONENT_pingerC_PORT_pingerEmitterP_ACTION_ping_PRE \
IC0_COMPONENT_pingerC_PORT_pingerEmitterP_ACTION_ping_PRE




2025-12-09 14:53 1-ping-pong/COMPONENT_TYPE_pingerC_INSTANCE.pml  Page 1


proctype instance_name(CompositeName,CompositeID, pingerC,CompInstanceID,Instance)() {


Component_i_roleData(pingerC,CompInstanceID, Instance);
 
TypeOf(COMPONENT_pingerC_VAR_amountI) COMPONENT_pingerC_VAR_amountI[1]; 
TypeOf(COMPONENT_pingerC_VAR_requestMadeI) COMPONENT_pingerC_VAR_requestMadeI[1]=InitialValue(COMPONENT_pingerC_VAR_requestMadeI); 
TypeOf(COMPONENT_pingerC_VAR_requestMadeI) PRE(COMPONENT_pingerC_VAR_requestMadeI[1])=InitialValue(COMPONENT_pingerC_VAR_requestMadeI); 
TypeOf(COMPONENT_pingerC_VAR_chosenAmountI) COMPONENT_pingerC_VAR_chosenAmountI[1]=InitialValue(COMPONENT_pingerC_VAR_chosenAmountI); 
TypeOf(COMPONENT_pingerC_VAR_chosenAmountI) PRE(COMPONENT_pingerC_VAR_chosenAmountI[1])=InitialValue(COMPONENT_pingerC_VAR_chosenAmountI); 
TypeOf(COMPONENT_pingerC_VAR_VALUEEXIST) COMPONENT_pingerC_VAR_VALUEEXIST[1];
TypeOf(COMPONENT_pingerC_VAR_PORT_pingerEmitterP_INDEX)  COMPONENT_pingerC_VAR_PORT_pingerEmitterP_INDEX;

Start: 
do 
::true->
if 

  ::atomic{ free->
#if (defined(CHECK_MONITOR) || defined(CHECK_LTL)) && defined(IMPOSE_ATOMICITY)
    free = false;
#endif
  select(COMPONENT_pingerC_VAR_PORT_pingerEmitterP_INDEX: 0 .. Component_i_Port_Num(CompositeName,CompositeID,pingerC,CompInstanceID,Instance,pingerEmitterP)-1)->
      COMPONENT_pingerC_VAR_amountI[0]=COMPONENT_pingerC_VAR_chosenAmountI[0];
      if 
      :: refined_contract2(CompositeName,CompositeID,pingerC,CompInstanceID,Instance,pingerEmitterP,ping)()->
        COMPONENT_pingerC_VAR_requestMadeI[0]=true;
        COMPONENT_pingerC_VAR_VALUEEXIST[0]=false;
        PRE(COMPONENT_pingerC_VAR_requestMadeI[0])=COMPONENT_pingerC_VAR_requestMadeI[0];

        component_i_role_dataUpdate(CompositeName, CompositeID,pingerC, CompInstanceID,Instance,pingerEmitterP,ping); 
        Component_i_channelName_action(CompositeName,CompositeID,pingerC,CompInstanceID,Instance,pingerEmitterP,ping);
      ::else-> progress0:goto Start
      fi; 
  }
#if defined(CHECK_LTL)
  pingerC_pingerEmitterP_ping_label_req:skip;
#endif
#if (defined(CHECK_MONITOR) || defined(CHECK_LTL)) && defined(IMPOSE_ATOMICITY)
  free = true; 
#endif
 

::else->skip
fi;
od 

}


2025-12-09 14:53       1-ping-pong/COMPONENT_TYPE_pongerC.h       Page 1


typedef PORT_pongerConsumerP_BUFFER {
bool slotOccupied; 
mtype action; 
int param_0; 

 } 

#define TYPEOF_COMPONENT_pongerC_VAR_requestMadeO  bool 
#define TYPEOF_COMPONENT_pongerC_VAR_chosenAmountO  Amount 
#define TYPEOF_COMPONENT_pongerC_VAR_amountO  Amount 
#define TYPEOF_COMPONENT_pongerC_VAR_VALUEEXIST  bool 
#define TYPEOF_COMPONENT_pongerC_VAR_PORT_pongerConsumerP_INDEX  byte 
#define TYPEOF_COMPONENT_pongerC_VAR_PORT_pongerConsumerP_CONNECTIONINDEX  byte 

#define INITIALVALUE_COMPONENT_pongerC_VAR_requestMadeO  false
#define INITIALVALUE_COMPONENT_pongerC_VAR_chosenAmountO  Little

#define IC0_COMPONENT_pongerC_PORT_pongerConsumerP_ACTION_ping_WAITS \
COMPONENT_pongerC_VAR_requestMadeO[0] == true

#define IC0_COMPONENT_pongerC_PORT_pongerConsumerP_ACTION_ping_ACCEPTS \
true
#define IC0_COMPONENT_pongerC_PORT_pongerConsumerP_ACTION_ping_REJECT \
!(true)
#define IC0_COMPONENT_pongerC_PORT_pongerConsumerP_ACTION_ping_PRE \
IC0_COMPONENT_pongerC_PORT_pongerConsumerP_ACTION_ping_WAITS && \
IC0_COMPONENT_pongerC_PORT_pongerConsumerP_ACTION_ping_ACCEPTS 

#define ICONTRACT_COMPONENT_pongerC_PORT_pongerConsumerP_ACTION_ping_PRE \
IC0_COMPONENT_pongerC_PORT_pongerConsumerP_ACTION_ping_PRE
#define ICONTRACT_COMPONENT_pongerC_PORT_pongerConsumerP_ACTION_ping_PRE_REJECT \
IC0_COMPONENT_pongerC_PORT_pongerConsumerP_ACTION_ping_REJECT

#define FC0_COMPONENT_pongerC_PORT_pongerConsumerP_ACTION_ping_REQUIRES \
COMPONENT_pongerC_VAR_PORT_pongerConsumerP_BUFFER[slot(CompositeName,CompositeID,pongerC,CompInstanceID,Instance,pongerConsumerP,COMPONENT_pongerC_VAR_PORT_pongerConsumerP_INDEX,COMPONENT_pongerC_VAR_PORT_pongerConsumerP_CONNECTIONINDEX)].param_0 == COMPONENT_pongerC_VAR_chosenAmountO[0]


#define FCONTRACT_COMPONENT_pongerC_PORT_pongerConsumerP_ACTION_ping_REQUIRES \
(FC0_COMPONENT_pongerC_PORT_pongerConsumerP_ACTION_ping_REQUIRES)




2025-12-09 14:53 1-ping-pong/COMPONENT_TYPE_pongerC_INSTANCE.pml  Page 1


proctype instance_name(CompositeName,CompositeID, pongerC,CompInstanceID,Instance)() {


Component_i_c_code(CompositeName,CompositeID,pongerC,CompInstanceID, Instance);
 
Component_i_roleData(pongerC,CompInstanceID, Instance);
 
TypeOf(COMPONENT_pongerC_VAR_amountO) COMPONENT_pongerC_VAR_amountO[1]; 
TypeOf(COMPONENT_pongerC_VAR_requestMadeO) COMPONENT_pongerC_VAR_requestMadeO[1]=InitialValue(COMPONENT_pongerC_VAR_requestMadeO); 
TypeOf(COMPONENT_pongerC_VAR_requestMadeO) PRE(COMPONENT_pongerC_VAR_requestMadeO[1])=InitialValue(COMPONENT_pongerC_VAR_requestMadeO); 
TypeOf(COMPONENT_pongerC_VAR_chosenAmountO) COMPONENT_pongerC_VAR_chosenAmountO[1]=InitialValue(COMPONENT_pongerC_VAR_chosenAmountO); 
TypeOf(COMPONENT_pongerC_VAR_chosenAmountO) PRE(COMPONENT_pongerC_VAR_chosenAmountO[1])=InitialValue(COMPONENT_pongerC_VAR_chosenAmountO); 
TypeOf(COMPONENT_pongerC_VAR_VALUEEXIST) COMPONENT_pongerC_VAR_VALUEEXIST[1];
TypeOf(COMPONENT_pongerC_VAR_PORT_pongerConsumerP_INDEX)  COMPONENT_pongerC_VAR_PORT_pongerConsumerP_INDEX;
TypeOf(COMPONENT_pongerC_VAR_PORT_pongerConsumerP_CONNECTIONINDEX)  COMPONENT_pongerC_VAR_PORT_pongerConsumerP_CONNECTIONINDEX;

Component_i_port_buffer(pongerC,Instance,pongerConsumerP)  COMPONENT_pongerC_VAR_PORT_pongerConsumerP_BUFFER[Component_i_port_SUMCONNECTIONS(CompositeName,CompositeID,pongerC,CompInstanceID,Instance,pongerConsumerP)];

chan CHANNEL_COMPONENT_pongerC_VAR_PORT_pongerConsumerP[Component_i_Port_Num(CompositeName,CompositeID,pongerC,CompInstanceID,Instance,pongerConsumerP) +1];


atomic { 
COMPONENT_pongerC_VAR_PORT_pongerConsumerP_INDEX = 0;
CHANNEL_COMPONENT_pongerC_VAR_PORT_pongerConsumerP[Component_i_Port_Num(CompositeName,CompositeID,pongerC,CompInstanceID,Instance,pongerConsumerP)] = component_i_blockedChannel(CompositeName,CompositeID,pongerC,CompInstanceID,Instance); 
do
::COMPONENT_pongerC_VAR_PORT_pongerConsumerP_INDEX<Component_i_Port_Num(CompositeName,CompositeID,pongerC,CompInstanceID,Instance,pongerConsumerP)->
CHANNEL_COMPONENT_pongerC_VAR_PORT_pongerConsumerP[COMPONENT_pongerC_VAR_PORT_pongerConsumerP_INDEX] =Component_i_channelName(CompositeName,CompositeID,pongerC,CompInstanceID,Instance,pongerConsumerP)[COMPONENT_pongerC_VAR_PORT_pongerConsumerP_INDEX];
COMPONENT_pongerC_VAR_PORT_pongerConsumerP_INDEX++;
::else->COMPONENT_pongerC_VAR_PORT_pongerConsumerP_INDEX = 0; break
od ; 

COMPONENT_pongerC_VAR_PORT_pongerConsumerP_INDEX = 0;
do
::COMPONENT_pongerC_VAR_PORT_pongerConsumerP_INDEX<Component_i_Port_Num(CompositeName,CompositeID,pongerC,CompInstanceID,Instance,pongerConsumerP)->
  do
  ::COMPONENT_pongerC_VAR_PORT_pongerConsumerP_CONNECTIONINDEX<Component_i_port_NUMOFCONNECTIONS(CompositeName,CompositeID,pongerC,CompInstanceID,Instance,pongerConsumerP)->
COMPONENT_pongerC_VAR_PORT_pongerConsumerP_BUFFER[slot(CompositeName,CompositeID,pongerC,CompInstanceID,Instance,pongerConsumerP,COMPONENT_pongerC_VAR_PORT_pongerConsumerP_INDEX,COMPONENT_pongerC_VAR_PORT_pongerConsumerP_CONNECTIONINDEX)].slotOccupied = false; 
  COMPONENT_pongerC_VAR_PORT_pongerConsumerP_CONNECTIONINDEX++
  ::else->COMPONENT_pongerC_VAR_PORT_pongerConsumerP_CONNECTIONINDEX=0; break 
  od; 
COMPONENT_pongerC_VAR_PORT_pongerConsumerP_INDEX++
::else->COMPONENT_pongerC_VAR_PORT_pongerConsumerP_INDEX=0;COMPONENT_pongerC_VAR_PORT_pongerConsumerP_CONNECTIONINDEX=0;; break
od; 

}; 
Start: 
do 
::atomic { 
    COMPONENT_pongerC_VAR_PORT_pongerConsumerP_INDEX=0;
    do 
    ::COMPONENT_pongerC_VAR_PORT_pongerConsumerP_INDEX<=Component_i_Port_Num(CompositeName,CompositeID,pongerC,CompInstanceID,Instance,pongerConsumerP)-1 && (refined_contract2(CompositeName,CompositeID,pongerC,CompInstanceID,Instance,pongerConsumerP,ping)())-> break
    ::COMPONENT_pongerC_VAR_PORT_pongerConsumerP_INDEX<Component_i_Port_Num(CompositeName,CompositeID,pongerC,CompInstanceID,Instance,pongerConsumerP)-1-> 
      if
      ::true->
        COMPONENT_pongerC_VAR_VALUEEXIST[0]=true;
      ::else


2025-12-09 14:53 1-ping-pong/COMPONENT_TYPE_pongerC_INSTANCE.pml  Page 2


      fi;      COMPONENT_pongerC_VAR_PORT_pongerConsumerP_INDEX++;
    ::else->
      if
      ::COMPONENT_pongerC_VAR_VALUEEXIST[0]->break
      ::else->break
      fi;
    od;
    COMPONENT_pongerC_VAR_VALUEEXIST[0]=false;
    COMPONENT_pongerC_VAR_PORT_pongerConsumerP_CONNECTIONINDEX=0;
      do 
      ::COMPONENT_pongerC_VAR_PORT_pongerConsumerP_CONNECTIONINDEX<=Component_i_port_NUMOFCONNECTIONS(CompositeName,CompositeID,pongerC,CompInstanceID,Instance,pongerConsumerP)-1 && 
COMPONENT_pongerC_VAR_PORT_pongerConsumerP_BUFFER[slot(CompositeName,CompositeID,pongerC,CompInstanceID,Instance,pongerConsumerP,COMPONENT_pongerC_VAR_PORT_pongerConsumerP_INDEX,COMPONENT_pongerC_VAR_PORT_pongerConsumerP_CONNECTIONINDEX)].slotOccupied-> break
      ::COMPONENT_pongerC_VAR_PORT_pongerConsumerP_CONNECTIONINDEX<Component_i_port_NUMOFCONNECTIONS(CompositeName,CompositeID,pongerC,CompInstanceID,Instance,pongerConsumerP)-1-> 
        COMPONENT_pongerC_VAR_PORT_pongerConsumerP_CONNECTIONINDEX++;
      ::COMPONENT_pongerC_VAR_PORT_pongerConsumerP_CONNECTIONINDEX==Component_i_port_NUMOFCONNECTIONS(CompositeName,CompositeID,pongerC,CompInstanceID,Instance,pongerConsumerP)-1-> break 
 
      od;

}
if 
  ::atomic{
    CHANNEL_COMPONENT_pongerC_VAR_PORT_pongerConsumerP[(free -> COMPONENT_pongerC_VAR_PORT_pongerConsumerP_INDEX :Component_i_Port_Num(CompositeName,CompositeID,pongerC,CompInstanceID,Instance,pongerConsumerP))]? eval(ping) ,COMPONENT_pongerC_VAR_amountO[0]->
#if (defined(CHECK_MONITOR) || defined(CHECK_LTL)) && defined(IMPOSE_ATOMICITY)
    free = false;
#endif
    COMPONENT_pongerC_VAR_PORT_pongerConsumerP_CONNECTIONINDEX=0;
      do 
      ::COMPONENT_pongerC_VAR_PORT_pongerConsumerP_CONNECTIONINDEX<=Component_i_port_NUMOFCONNECTIONS(CompositeName,CompositeID,pongerC,CompInstanceID,Instance,pongerConsumerP)-1 && 
!COMPONENT_pongerC_VAR_PORT_pongerConsumerP_BUFFER[slot(CompositeName,CompositeID,pongerC,CompInstanceID,Instance,pongerConsumerP,COMPONENT_pongerC_VAR_PORT_pongerConsumerP_INDEX,COMPONENT_pongerC_VAR_PORT_pongerConsumerP_CONNECTIONINDEX)].slotOccupied-> break
      ::COMPONENT_pongerC_VAR_PORT_pongerConsumerP_CONNECTIONINDEX<Component_i_port_NUMOFCONNECTIONS(CompositeName,CompositeID,pongerC,CompInstanceID,Instance,pongerConsumerP)-1 && 
COMPONENT_pongerC_VAR_PORT_pongerConsumerP_BUFFER[slot(CompositeName,CompositeID,pongerC,CompInstanceID,Instance,pongerConsumerP,COMPONENT_pongerC_VAR_PORT_pongerConsumerP_INDEX,COMPONENT_pongerC_VAR_PORT_pongerConsumerP_CONNECTIONINDEX)].slotOccupied-> 
        COMPONENT_pongerC_VAR_PORT_pongerConsumerP_CONNECTIONINDEX++;
      ::COMPONENT_pongerC_VAR_PORT_pongerConsumerP_CONNECTIONINDEX==Component_i_port_NUMOFCONNECTIONS(CompositeName,CompositeID,pongerC,CompInstanceID,Instance,pongerConsumerP)-1-> break 
 
      od;
      #ifdef CHECK_BUFFEROVERFLOW
      assert(COMPONENT_pongerC_VAR_PORT_pongerConsumerP_BUFFER[slot(CompositeName,CompositeID,pongerC,CompInstanceID,Instance,pongerConsumerP,COMPONENT_pongerC_VAR_PORT_pongerConsumerP_INDEX,COMPONENT_pongerC_VAR_PORT_pongerConsumerP_CONNECTIONINDEX)].slotOccupied==false);
      #endif
      COMPONENT_pongerC_VAR_PORT_pongerConsumerP_BUFFER[slot(CompositeName,CompositeID,pongerC,CompInstanceID,Instance,pongerConsumerP,COMPONENT_pongerC_VAR_PORT_pongerConsumerP_INDEX,COMPONENT_pongerC_VAR_PORT_pongerConsumerP_CONNECTIONINDEX)].action=ping
;
      COMPONENT_pongerC_VAR_PORT_pongerConsumerP_BUFFER[slot(CompositeName,CompositeID,pongerC,CompInstanceID,Instance,pongerConsumerP,COMPONENT_pongerC_VAR_PORT_pongerConsumerP_INDEX,COMPONENT_pongerC_VAR_PORT_pongerConsumerP_CONNECTIONINDEX)].param_0=COMPONENT_pongerC_VAR_amountO[0]
;
      COMPONENT_pongerC_VAR_PORT_pongerConsumerP_BUFFER[slot(CompositeName,CompositeID,pongerC,CompInstanceID,Instance,pongerConsumerP,COMPONENT_pongerC_VAR_PORT_pongerConsumerP_INDEX,COMPONENT_pongerC_VAR_PORT_pongerConsumerP_CONNECTIONINDEX)].slotOccupied = true;
}
  progress3:skip; 
#if (defined(CHECK_MONITOR) || defined(CHECK_LTL)) && defined(IMPOSE_ATOMICITY)
  free = true; 
#endif

  ::atomic{
    COMPONENT_pongerC_VAR_PORT_pongerConsumerP_BUFFER[slot(CompositeName,CompositeID,pongerC,CompInstanceID,Instance,pongerConsumerP,COMPONENT_pongerC_VAR_PORT_pongerConsumerP_INDEX,COMPONENT_pongerC_VAR_PORT_pongerConsumerP_CONNECTIONINDEX)].slotOccupied &&
COMPONENT_pongerC_VAR_PORT_pongerConsumerP_BUFFER[slot(CompositeName,CompositeID,pongerC,CompInstanceID,Instance,pongerConsumerP,COMPONENT_pongerC_VAR_PORT_pongerConsumerP_INDEX,COMPONENT_pongerC_VAR_PORT_pongerConsumerP_CONNECTIONINDEX)].action == ping && refined_contract2(CompositeName,CompositeID,pongerC,CompInstanceID,Instance,pongerConsumerP,ping)() && free->
#if (defined(CHECK_MONITOR) || defined(CHECK_LTL)) && defined(IMPOSE_ATOMICITY)
    free = false;
#endif
if 


2025-12-09 14:53 1-ping-pong/COMPONENT_TYPE_pongerC_INSTANCE.pml  Page 3


      ::FC0_COMPONENT_pongerC_PORT_pongerConsumerP_ACTION_ping_REQUIRES->skip;
        COMPONENT_pongerC_VAR_requestMadeO[0]=false;
        COMPONENT_pongerC_VAR_VALUEEXIST[0]=false;
                PRE(COMPONENT_pongerC_VAR_requestMadeO[0])=COMPONENT_pongerC_VAR_requestMadeO[0];

      ::else->skip;
      #ifdef CHECK_CHAOS
      assert(false)
      #endif
      fi;
      component_i_role_dataUpdate(CompositeName, CompositeID,pongerC,CompInstanceID, Instance,pongerConsumerP,ping); 
      COMPONENT_pongerC_VAR_PORT_pongerConsumerP_BUFFER[slot(CompositeName,CompositeID,pongerC,CompInstanceID,Instance,pongerConsumerP,COMPONENT_pongerC_VAR_PORT_pongerConsumerP_INDEX,COMPONENT_pongerC_VAR_PORT_pongerConsumerP_CONNECTIONINDEX)].slotOccupied=false
;
    }
#if defined(CHECK_LTL)
  pongerC_pongerConsumerP_ping_label_req:skip;
#endif
#if (defined(CHECK_MONITOR) || defined(CHECK_LTL)) && defined(IMPOSE_ATOMICITY)
  free = true; 
#endif

::else->skip
fi;
od 

}


2025-12-09 14:53      1-ping-pong/COMPONENT_TYPE_together.h       Page 1







2025-12-09 14:53 1-ping-pong/COMPONENT_TYPE_together_INSTANCE.pml Page 1


proctype instance_name(CompositeName,CompositeID,together,CompInstanceID, Instance)() {

run instance_name(CompositeName,CompositeID,pingerC,pi,0)();
run instance_name(CompositeName,CompositeID,pongerC,po,0)();



}


2025-12-09 14:53 1-ping-pong/CONNECTOR_TYPE_linkEm_link_0_ROLE_pingerR.h Page 1


#define ICONTRACT_CONNECTOR_linkEm_link_0_ROLE_pingerR_PORTVAR_pingerEmitterVarP_ACTION_ping_PRE \
 true 


2025-12-09 14:53 1-ping-pong/CONNECTOR_TYPE_linkEm_link_0_ROLE_pongerR.h Page 1


#define ICONTRACT_CONNECTOR_linkEm_link_0_ROLE_pongerR_PORTVAR_pongerConsumerVarP_ACTION_ping_PRE \
 true 
#define TYPEOF_CONNECTOR_linkEm_ROLE_pongerR_VAR_PORTVAR_pongerConsumerVarP_INDEX  byte 


2025-12-09 14:53            1-ping-pong/TYPE_Action.h             Page 1


#ifndef Action
#define Action mtype 
mtype = { 
ping} 
#endif 


2025-12-09 14:53            1-ping-pong/TYPE_Amount.h             Page 1


#ifndef Amount
#define Amount  mtype
mtype = {Much,Average,Little,None}
#endif


2025-12-09 14:53              1-ping-pong/TYPE_ID.h               Page 1


#ifndef ID
#define ID byte
#endif


2025-12-09 14:53            1-ping-pong/XcD_PACKAGE.h             Page 1


#ifndef PACKAGE
#define PACKAGE 1

//#include "TYPE_ID.h"
//#include "TYPE_Action.h" 
//#include "TYPE_Amount.h" 

/******Constants*********/
#define RESULT 0
#define EXCEPTION 1
#define bit_MIN 0
#define bit_MAX 1
#define bool_MIN 0
#define bool_MAX 1
#define byte_MIN 0
#define byte_MAX 255
#define mtype_MIN 0
#define mtype_MAX 255	

/********Macros for Conditional Expressions*********/
//// macro for returning AND of expressions
#define AND(a, b) ((a) && (b))
//// macro for returning OR of expressions
#define OR(a, b) ((a) || (b))
//// macro for returning IMPLIES 
#define IMPLIES(a, b) (!(a) || (b))

/************Macro for naming convention********/
#define Component_i_smt(component,i,smt) Component_i_2_smt(component,i, smt)
#define Component_i_2_smt(component,i,smt) COMPONENT_##component##_##i ## smt

#define Component_i_smt_ins(component,compIns,i, smt) Component_i_2_smt_ins(component,compIns,i, smt)
#define Component_i_2_smt_ins(component,compIns, i,smt) COMPONENT_##component##_##compIns##_##i ## smt

#define SubComponent_i_smt(compositeName,compositeIndex, component,compIns, i,smt) \
           SubComponent_i_2_smt(compositeName,compositeIndex,component,compIns,i, smt)
#define SubComponent_i_2_smt(compositeName,compositeIndex,component,compIns, i,smt) compositeName##_##compositeIndex##_COMPONENT_##component##_##compIns##_##i ## smt

#define SubConnector_i_smt(compositeName,compositeIndex, connector,connIns_i,smt) \
           SubConnector_i_2_smt(compositeName,compositeIndex,connector,connIns_i, smt)
#define SubConnector_i_2_smt(compositeName,compositeIndex,connector,connIns_i,smt) compositeName##_##compositeIndex##_CONNECTOR_##connector##_##connIns_i ## smt

#define Component_i_smt_pre_post(pre, component,i, smt)  Component_i_2_pre_post(pre,component,i, smt)
#define Component_i_2_pre_post(pre,component,i,smt) pre##COMPONENT_##component##_##i ## smt
/*******Macros for VARIABLE Operations************/
//macro for returning process names for component instances 
#define instance_name(CompositeName,CompositeID,SubCompType,SubCompIns, Instance) \
             instance_name2(CompositeName,CompositeID,SubCompType, SubCompIns, Instance) 
#define instance_name2(CompositeName,CompositeID,SubCompType,SubCompIns, Instance) \
                COMPONENT_TYPE_##CompositeName##_##CompositeID##_SUBCOMPONENT_## SubCompType##_##SubCompIns##_##Instance
// macro for returning the minimum value of a type
#define Min_of_Type(Type) Type##_MIN
// macro for returning the maximim value of a type
#define Max_of_Type(Type) Type##_MAX
// macro for returning the minimum value for a variable 
#define Min_of_Var(Var) Min_of_Var2(TYPEOF_##Var) 


2025-12-09 14:53            1-ping-pong/XcD_PACKAGE.h             Page 2


#define Min_of_Var2(Type) Min_of_Type(Type) 
// macro for returning the minimum value for a variable 
#define Max_of_Var(Var) Max_of_Var2(TYPEOF_##Var) 
#define Max_of_Var2(Type) Max_of_Type(Type) 
//macro for returning the variable name that holds a result
#define Result_var(ComponentType, port, method) COMPONENT_##ComponentType ##_VAR_PORT_##port ##_METHOD_##method##_RESULT
//macro for returning the variable name that holds a pre value of a variable
#define PRE(X) pre_##X
#define TEMP(X) temp_##X
//macro for returning the variable name that holds a post value of a variable
#define POST(X) post_##X
//macro for returning the constant for a variable type 
#define TypeOf(X) TYPEOF_##X
//macro for returning the constant for an initial value of a variable
#define InitialValue(X) INITIALVALUE_##X
//macro for returning the constant for an initial pre value of a variable
#define InitialValue_pre(X) InitialValue_pre_##X
//macro for returning variable name
#define Variable_Name(compType, variable) COMPONENT_##compType##_VAR_##variable
//macro for returning refined contract id
#define refined_contract_request(compositeName, compositeIndex, comptype, compIns, Instance, portName,action) \
SubComponent_i_smt(compositeName,compositeIndex,comptype,compIns, Instance, _PORT_##portName##_##ACTION_##action##_REFINED_ICONTRACT_REQUEST)

#define refined_contract_response(compositeName, compositeIndex, comptype, compIns, Instance, portName,action) \
SubComponent_i_smt(compositeName,compositeIndex,comptype,compIns, Instance, _PORT_##portName##_##ACTION_##action##_REFINED_ICONTRACT_RESPONSE)

#define refined_contract2(compositeName, compositeIndex, comptype, compIns,Instance, portName,action) \
SubComponent_i_smt(compositeName,compositeIndex,comptype,compIns, Instance, _PORT_##portName##_##ACTION_##action##_REFINED_ICONTRACT)

#define refined_contract_reject(compositeName, compositeIndex, comptype, compIns,Instance, portName,action) \
SubComponent_i_smt(compositeName,compositeIndex,comptype,compIns, Instance, _PORT_##portName##_##ACTION_##action##_REFINED_ICONTRACT_REJECT)

#define port_index(CompositeName, CompositeID,compType,CompInsID,Instance, portName, portID) \
 c_expr{[ValueOfProcessLocalVar(CompositeName, CompositeID, compType, CompInsID,Instance, portID)]};
 
//macro for returning the port size array
#define Component_i_port_j_Size(compType, Instance, portName)  Component_i_smt(compType,Instance,portName##_SIZE)

/******Macros for Component Instance Specification********/

//COMPONENT PARAMETER
////Macro for instance PARAMETER
#define Component_i_Param_N(compositeName,compositeID,component,compIns,Instance,N)  \
SubComponent_i_smt(compositeName,compositeID,component,compIns,Instance,_PARAM_##N)

#define Connector_i_Param_N(compositeName,compositeID,connector,connIns_i,N)  \
SubConnector_i_smt(compositeName,compositeID,connector,connIns_i,_PARAM_##N)


//COMPONENT PORT 
////Macro for number of instances for a PORT
#define Component_i_Port_Num(compositeName, compositeIndex, component,compIns,Instance, pname) \
            SubComponent_i_smt(compositeName,compositeIndex,component,compIns,Instance,_PORT_##pname##_NUM)
////Macro for number of connected PORTS to CONSUMER/PROVIDED PORT instance
#define Component_i_port_j_CONNECTIONS(compositeName,compositeIndex,component,compIns,Instance,j, port) Component_i_port_j_CONNECTIONS_2(compositeName,compositeIndex,component,compIns,Instance,j, port)
#define Component_i_port_j_CONNECTIONS_2(compositeName, compositeIndex, component,compIns,Instance,j, port) \


2025-12-09 14:53            1-ping-pong/XcD_PACKAGE.h             Page 3


SubComponent_i_smt(compositeName,compositeIndex,component,compIns,Instance,_PORT_##port##_##j##_CONNECTIONS)
////Macro for number of connected PORTS to ALL instances of a CONSUMER/PROVIDED PORT
#define Component_i_port_SUMCONNECTIONS(compositeName, compositeIndex, component, compIns,Instance,port) \
SubComponent_i_smt(compositeName,compositeIndex,component,compIns,Instance,_PORT_##port##_SUMCONNECTIONS) 
//Macro for number of connected PORTS to CONSUMER/PROVIDED PORT instance
#define Component_i_port_NUMOFCONNECTIONS(compositeName, compositeIndex, component, compIns,Instance,port) \
SubComponent_i_smt(compositeName,compositeIndex,component,compIns,Instance,_PORT_##port##_NUMOFCONNECTIONS) 
////macro for a name of the array that holds the offset of the CONSUMER/PROVIDED PORTS
#define Component_i_port_offsetArray(compositeName,compositeIndex, component,compIns, i, pname) \
   SubComponent_i_smt(compositeName,compositeIndex, component,compIns, i,_PORT_##pname##_OFFSET) 

////macro for buffer of the CONSUMER/PROVIDED PORTS
#define Component_i_port_buffer(component, Instance, port) PORT_##port##_BUFFER
////macro for a name of the array that holds the number of CONNECTIONS for the instances of a PORT
#define Component_i_port_connectionArray(component, Instance, pname) Component_i_smt(component,Instance,_PORT_##pname##_CONNECTS)
////macro for an array slot that stores the number of CONNECTIONS for a PORT INSTANCE 
#define port_connection_size(CompositeName, CompositeID,Component, CompInsID,Instance, pname, pnum)\
               c_expr{Component_i_port_connectionArray(Component, Instance, pname)[ValueOfProcessLocalVar(CompositeName, CompositeID, Component,CompInsID, Instance, pnum)]}
////macro for an array index that stores the BUFFER value received from a specific CONNECTION of a PORT INSTANCE 
#define slot(CompositeName, CompositeID,Component,CompInsID, Instance, pname, pnum, conn) \
          c_expr{Component_i_port_offsetArray(CompositeName, CompositeID,Component,CompInsID, Instance, pname)[ValueOfProcessLocalVar(CompositeName, CompositeID, Component, CompInsID,Instance, pnum)]} + conn
#define slot2(CompositeName, CompositeID,Component, CompInsID, Instance, pname, pnum, conn) \
          c_expr{Component_i_port_offsetArray(CompositeName, CompositeID,Component,CompInsID, Instance, pname)[ValueOfProcessLocalVar(CompositeName, CompositeID, Component, CompInsID,Instance, pnum)]}%1 + conn
////macro for returning the statement that enable the use of a process variable in a c_expr
#define ValueOfProcessLocalVar(CompositeName, CompositeID, Component, CompInstance, Instance, var) \
       PCOMPONENT_TYPE_##CompositeName##_##CompositeID##_SUBCOMPONENT_## Component##_##CompInstance##_##Instance-> var

////macro for the name of the array which stores the INDEX of a CHANNEL that the INSTANCES of a PORT uses 
#define Component_i_portChannelIndexArray(compType, Instance, pname) Component_i_smt(component,Instance,_PORT_##pname##_CHINDEXARRAY)
////macros for the INDEX of a CHANNEL that an INSTANCE of a PORT uses 
#define Component_i_portChannelIndex(CompositeName, CompositeID,compType, Instance, pname, pnum)\
              c_expr{Component_i_portChannelIndexArray(compType, Instance, pname)[ValueOfProcessLocalVar(CompositeName, CompositeID, compType, Instance, pnum)]}
#define Component_i_portChannelIndex_CONS(compType, Instance, pname, consVal) \
             c_expr{Component_i_portChannelIndexArray(compType, Instance, pname)[consVal]}
////macro for the INDEX value of a CHANNEL that a COMPONENT PORT uses
#define Component_i_channelIndexValue(compType, cInstance, pname, pInstance) \
                       Component_i_smt(compType,cInstance,_PORT_##pname##_##pInstance##_CHINDEX)

////macros for the name of the CHANNELS that a COMPONENT PORT uses
#define Component_i_channelName(compositeName, compositeIndex,compType, compIns, cInstance, pname) \
        Component_i_smt_CH_ins(compositeName, compositeIndex, CHANNEL_,compType,compIns,cInstance,_PORT_##pname)

#define Component_i_channelName_action(compositeName, compositeIndex,compType,compInstanceID, cInstance, pname,action) \
 Component_i_smt_CH_ins(compositeName, compositeIndex, CHANNEL_,compType,compInstanceID,cInstance,_PORT_##pname##_ACTION_##action)

#define Component_i_channelName_action_req(compositeName, compositeIndex,compType,compInstanceID, cInstance, pname,action) \
 Component_i_smt_CH_ins(compositeName, compositeIndex, CHANNELREQ_,compType,compInstanceID,cInstance,_PORT_##pname##_ACTION_##action)

#define Component_i_channelName_action_res(compositeName, compositeIndex, compType,compInstanceID, cInstance, pname,action)\
 Component_i_smt_CH_ins(compositeName, compositeIndex, CHANNELRES_,compType,compInstanceID,cInstance,_PORT_##pname##_ACTION_##action)

#define Component_i_channelName_req(compositeName, compositeIndex, compType, compInstanceID, cInstance, pname) \
             Component_i_smt_CH_ins(compositeName, compositeIndex,CHANNELREQ_,compType,compInstanceID,cInstance,_PORT_##pname)

#define Component_i_channelName_res(compositeName, compositeIndex, compType,compInstanceID, cInstance, pname) \
             Component_i_smt_CH_ins(compositeName, compositeIndex,CHANNELRES_,compType,compInstanceID,cInstance,_PORT_##pname)


2025-12-09 14:53            1-ping-pong/XcD_PACKAGE.h             Page 4




#define Component_i_smt_CH_ins(compositeName, compositeIndex,chpre, compType,compInstanceID, i,smt) \
                Component_i_2_smt_CH_ins(compositeName, compositeIndex,chpre, compType,compInstanceID,i, smt)
#define Component_i_2_smt_CH_ins(compositeName, compositeIndex,chpre,component,compInstanceID,i,smt) \
                 chpre##compositeName##_##compositeIndex##_##COMPONENT_##component##_##compInstanceID##_## i ## smt


#define Component_i_smt_CH(compositeName, compositeIndex,chpre, compType, i,smt) \
                Component_i_2_smt_CH(compositeName, compositeIndex,chpre, compType,i, smt)
#define Component_i_2_smt_CH(compositeName, compositeIndex,chpre,component,i,smt) \
                 chpre##compositeName##_##compositeIndex##_##COMPONENT_##component##_## i ## smt

//macro for the name of c_code block 
#define Component_i_c_code(compositeName, compositeIndex,compType, compIns,Instance) SubComponent_i_smt(compositeName,compositeIndex,compType,compIns,Instance,_ARRAY_INITIALISATIONS)()
//macro for the name of the role data block
#define Component_i_roleData(compType, compInstance,Instance) Component_i_smt_ins(compType,compInstance, Instance,_ROLE_DATA)()

#define component_i_blockedChannel(compositeName, compositeID, compType, compInstance, Instance)\
SubComponent_i_smt(compositeName,compositeID,compType,compInstance,Instance,_BLOCKEDCHANNEL)

#define component_i_role_dataUpdate(compositeName, compositeID, compType,compIns, Instance, port,action) \
SubComponent_i_smt(compositeName,compositeID,compType,compIns,Instance,_PORT_##port##_ACTION_##action##_ROLE_DATAUPDATE)()

#define component_i_role_dataUpdate_request(compositeName, compositeID, compType,compIns, Instance, port,action) \
SubComponent_i_smt(compositeName,compositeID,compType,compIns,Instance,_PORT_##port##_ACTION_##action##_ROLE_DATAUPDATE_REQUEST)()

#define component_i_role_dataUpdate_response(compositeName, compositeID, compType,compIns, Instance, port,action) \
SubComponent_i_smt(compositeName,compositeID,compType,compIns,Instance,_PORT_##port##_ACTION_##action##_ROLE_DATAUPDATE_RESPONSE)()

#endif





2025-12-09 14:53          1-ping-pong/configuration.pml           Page 1


//#define IMPOSE_ATOMICITY 
//#define CHECK_LTL 
//#define CHECK_MONITOR  
bit free = true;
#define CHECK_RACE
#define CHECK_CHAOS
//#define CHECK_BUFFEROVERFLOW 
#ifndef COMPOSITE 
#include "together_COMPOSITE.h"
#define COMPOSITE 
#endif
#define CompositeName together
#define CompositeID 0
#define CompInstanceID 0
#define Instance 0
#include "COMPONENT_TYPE_together_INSTANCE.pml"
init{
run instance_name(CompositeName,CompositeID,together,CompInstanceID, Instance)()
}


2025-12-09 14:53         1-ping-pong/together_COMPOSITE.h         Page 1


#ifndef TYPE_Action 
#define TYPE_Action 
#include "TYPE_Action.h" 
#endif
#ifndef TYPE_Exceptions 
#define TYPE_Exceptions 
#include "TYPE_EXCEPTIONS.h" 
#endif
#ifndef TYPE_Amount 
#define TYPE_Amount 
#include "TYPE_Amount.h" 
#endif
#ifndef TYPE_ID 
#define TYPE_ID 
#include "TYPE_ID.h" 
#endif
#include "XcD_PACKAGE.h"
#define CompositeName together
#ifndef CompositeID
#define CompositeID 0
#endif
#ifndef COMPONENT_TYPE_pingerC
#define COMPONENT_TYPE_pingerC
#include  "COMPONENT_TYPE_pingerC.h"
#endif

#ifndef COMPONENT_TYPE_pongerC
#define COMPONENT_TYPE_pongerC
#include  "COMPONENT_TYPE_pongerC.h"
#endif


#ifndef CONNECTOR_TYPE_linkEm_link_0_ROLE_pingerR
#define CONNECTOR_TYPE_linkEm_link_0_ROLE_pingerR
#include "CONNECTOR_TYPE_linkEm_link_0_ROLE_pingerR.h"
#endif
#ifndef CONNECTOR_TYPE_linkEm_link_0_ROLE_pongerR
#define CONNECTOR_TYPE_linkEm_link_0_ROLE_pongerR
#include "CONNECTOR_TYPE_linkEm_link_0_ROLE_pongerR.h"
#endif



chan CHANNEL_together_0_COMPONENT_pongerC_po_0_PORT_pongerConsumerP[1] = [1] of {mtype,int};

#define CONNECTOR_linkEm_link_0_ROLE_pingerR_VAR_amountI COMPONENT_pingerC_VAR_amountI[0]
#define CONNECTOR_linkEm_link_0_ROLE_pingerR_VAR_PORT_pingerEmitterP_INDEX COMPONENT_pingerC_VAR_PORT_pingerEmitterP_INDEX




#define CONNECTOR_linkEm_link_0_ROLE_pongerR_VAR_amountO COMPONENT_pongerC_VAR_amountO[0]
#define CONNECTOR_linkEm_link_0_ROLE_pongerR_VAR_PORT_pongerConsumerP_INDEX COMPONENT_pongerC_VAR_PORT_pongerConsumerP_INDEX





2025-12-09 14:53         1-ping-pong/together_COMPOSITE.h         Page 2



//Component Instance : pingerC_pi_0
#define Instance 0
#define CompInstanceID pi
chan component_i_blockedChannel(CompositeName, CompositeID,pingerC,CompInstanceID,Instance)= [0] of {mtype};
#define CHANNEL_together_0_COMPONENT_pingerC_pi_0_PORT_pingerEmitterP_ACTION_ping \
if\
::COMPONENT_pingerC_VAR_PORT_pingerEmitterP_INDEX==0->\
CHANNEL_together_0_COMPONENT_pongerC_po_0_PORT_pongerConsumerP[0]!ping,COMPONENT_pingerC_VAR_amountI[0] \
fi



#define together_0_COMPONENT_pingerC_pi_0_PORT_pingerEmitterP_NUM  1 

#define together_0_COMPONENT_pingerC_pi_0_PORT_pingerEmitterP_ACTION_ping_REFINED_ICONTRACT() \
ICONTRACT_COMPONENT_pingerC_PORT_pingerEmitterP_ACTION_ping_PRE && (COMPONENT_pingerC_VAR_PORT_pingerEmitterP_INDEX==0->ICONTRACT_CONNECTOR_linkEm_link_0_ROLE_pingerR_PORTVAR_pingerEmitterVarP_ACTION_ping_PRE: true)  





 #define together_0_COMPONENT_pingerC_pi_0_PORT_pingerEmitterP_0_ACTION_ping_ROLE_DATAUPDATE() \
true

#define together_0_COMPONENT_pingerC_pi_0_PORT_pingerEmitterP_ACTION_ping_ROLE_DATAUPDATE() \
if\
::COMPONENT_pingerC_VAR_PORT_pingerEmitterP_INDEX == 0 -> \
  together_0_COMPONENT_pingerC_pi_0_PORT_pingerEmitterP_0_ACTION_ping_ROLE_DATAUPDATE() \
fi; 
 

#define COMPONENT_pingerC_pi_0_ROLE_DATA() \
 true 

#define XX together
#include "COMPONENT_TYPE_pingerC_INSTANCE.pml"
#undef CompInstanceID 
#undef Instance 
#undef XX 

//Component Instance : pongerC_po_0
#define Instance 0
#define CompInstanceID po
chan component_i_blockedChannel(CompositeName, CompositeID,pongerC,CompInstanceID,Instance)= [0] of {mtype};


#define together_0_COMPONENT_pongerC_po_0_PORT_pongerConsumerP_NUM  1 

#define together_0_COMPONENT_pongerC_po_0_PORT_pongerConsumerP_ACTION_ping_REFINED_ICONTRACT() \
ICONTRACT_COMPONENT_pongerC_PORT_pongerConsumerP_ACTION_ping_PRE && (COMPONENT_pongerC_VAR_PORT_pongerConsumerP_INDEX==0->ICONTRACT_CONNECTOR_linkEm_link_0_ROLE_pongerR_PORTVAR_pongerConsumerVarP_ACTION_ping_PRE: true)  

#define together_0_COMPONENT_pongerC_po_0_PORT_pongerConsumerP_0_CONNECTIONS 1


#define together_0_COMPONENT_pongerC_po_0_PORT_pongerConsumerP_SUMCONNECTIONS \


2025-12-09 14:53         1-ping-pong/together_COMPOSITE.h         Page 3


together_0_COMPONENT_pongerC_po_0_PORT_pongerConsumerP_0_CONNECTIONS  
#define together_0_COMPONENT_pongerC_po_0_PORT_pongerConsumerP_NUMOFCONNECTIONS \
(\
COMPONENT_pongerC_VAR_PORT_pongerConsumerP_INDEX==0->together_0_COMPONENT_pongerC_po_0_PORT_pongerConsumerP_0_CONNECTIONS :0)\




#define together_0_COMPONENT_pongerC_po_0_PORT_pongerConsumerP_0_ACTION_ping_ROLE_DATAUPDATE() \
true

#define together_0_COMPONENT_pongerC_po_0_PORT_pongerConsumerP_ACTION_ping_ROLE_DATAUPDATE() \
if\
::COMPONENT_pongerC_VAR_PORT_pongerConsumerP_INDEX == 0 -> \
  together_0_COMPONENT_pongerC_po_0_PORT_pongerConsumerP_0_ACTION_ping_ROLE_DATAUPDATE() \
fi; 
 

#define COMPONENT_pongerC_po_0_ROLE_DATA() \
 true 

c_code { 
int Component_i_port_offsetArray(CompositeName,CompositeID,pongerC,CompInstanceID,0,pongerConsumerP)[Component_i_Port_Num(CompositeName,CompositeID,pongerC,CompInstanceID,0,pongerConsumerP)];
}


#define together_0_COMPONENT_pongerC_po_0_ARRAY_INITIALISATIONS() \
c_code { \ 
Component_i_port_offsetArray(CompositeName,CompositeID,pongerC,CompInstanceID,0,pongerConsumerP)[0] = 0;\
} 

#define XX together
#include "COMPONENT_TYPE_pongerC_INSTANCE.pml"
#undef CompInstanceID 
#undef Instance 
#undef XX 
